{"/app/src/components/layout/Layout.tsx": {"path":"/app/src/components/layout/Layout.tsx","statementMap":{"0":{"start":{"line":9,"column":2},"end":{"line":12,"column":null}}},"fnMap":{"0":{"name":"Layout","decl":{"start":{"line":8,"column":16},"end":{"line":8,"column":23}},"loc":{"start":{"line":8,"column":48},"end":{"line":15,"column":null}},"line":8}},"branchMap":{},"s":{"0":1},"f":{"0":1},"b":{},"meta":{"lastBranch":0,"lastFunction":1,"lastStatement":1,"seen":{"f:8:16:8:23":0,"s:9:2:12:Infinity":0},"fnNames":{}}}
,"/app/src/components/layout/Navbar.tsx": {"path":"/app/src/components/layout/Navbar.tsx","statementMap":{"0":{"start":{"line":19,"column":34},"end":{"line":19,"column":null}},"1":{"start":{"line":20,"column":8},"end":{"line":20,"column":null}},"2":{"start":{"line":20,"column":48},"end":{"line":20,"column":67}},"3":{"start":{"line":21,"column":8},"end":{"line":21,"column":null}},"4":{"start":{"line":22,"column":43},"end":{"line":22,"column":null}},"5":{"start":{"line":24,"column":24},"end":{"line":27,"column":null}},"6":{"start":{"line":25,"column":4},"end":{"line":25,"column":null}},"7":{"start":{"line":26,"column":4},"end":{"line":26,"column":null}},"8":{"start":{"line":29,"column":2},"end":{"line":151,"column":null}},"9":{"start":{"line":104,"column":51},"end":{"line":104,"column":73}},"10":{"start":{"line":105,"column":51},"end":{"line":105,"column":74}},"11":{"start":{"line":106,"column":51},"end":{"line":106,"column":74}},"12":{"start":{"line":107,"column":51},"end":{"line":107,"column":76}},"13":{"start":{"line":109,"column":53},"end":{"line":109,"column":null}},"14":{"start":{"line":131,"column":29},"end":{"line":131,"column":null}},"15":{"start":{"line":149,"column":19},"end":{"line":151,"column":null}},"16":{"start":{"line":154,"column":31},"end":{"line":154,"column":null}}},"fnMap":{"0":{"name":"Navbar","decl":{"start":{"line":18,"column":16},"end":{"line":18,"column":null}},"loc":{"start":{"line":18,"column":16},"end":{"line":164,"column":null}},"line":18},"1":{"name":"(anonymous_1)","decl":{"start":{"line":20,"column":37},"end":{"line":20,"column":38}},"loc":{"start":{"line":20,"column":48},"end":{"line":20,"column":67}},"line":20},"2":{"name":"(anonymous_2)","decl":{"start":{"line":24,"column":24},"end":{"line":24,"column":null}},"loc":{"start":{"line":24,"column":24},"end":{"line":27,"column":null}},"line":24},"3":{"name":"(anonymous_3)","decl":{"start":{"line":104,"column":45},"end":{"line":104,"column":51}},"loc":{"start":{"line":104,"column":51},"end":{"line":104,"column":73}},"line":104},"4":{"name":"(anonymous_4)","decl":{"start":{"line":105,"column":45},"end":{"line":105,"column":51}},"loc":{"start":{"line":105,"column":51},"end":{"line":105,"column":74}},"line":105},"5":{"name":"(anonymous_5)","decl":{"start":{"line":106,"column":45},"end":{"line":106,"column":51}},"loc":{"start":{"line":106,"column":51},"end":{"line":106,"column":74}},"line":106},"6":{"name":"(anonymous_6)","decl":{"start":{"line":107,"column":45},"end":{"line":107,"column":51}},"loc":{"start":{"line":107,"column":51},"end":{"line":107,"column":76}},"line":107},"7":{"name":"(anonymous_7)","decl":{"start":{"line":109,"column":47},"end":{"line":109,"column":53}},"loc":{"start":{"line":109,"column":53},"end":{"line":109,"column":null}},"line":109},"8":{"name":"(anonymous_8)","decl":{"start":{"line":131,"column":23},"end":{"line":131,"column":29}},"loc":{"start":{"line":131,"column":29},"end":{"line":131,"column":null}},"line":131},"9":{"name":"(anonymous_9)","decl":{"start":{"line":149,"column":18},"end":{"line":149,"column":19}},"loc":{"start":{"line":149,"column":19},"end":{"line":151,"column":null}},"line":149},"10":{"name":"(anonymous_10)","decl":{"start":{"line":154,"column":25},"end":{"line":154,"column":31}},"loc":{"start":{"line":154,"column":31},"end":{"line":154,"column":null}},"line":154}},"branchMap":{"0":{"loc":{"start":{"line":66,"column":13},"end":{"line":67,"column":null}},"type":"binary-expr","locations":[{"start":{"line":66,"column":13},"end":{"line":66,"column":null}},{"start":{"line":66,"column":13},"end":{"line":67,"column":null}}],"line":66},"1":{"loc":{"start":{"line":75,"column":13},"end":{"line":77,"column":null}},"type":"binary-expr","locations":[{"start":{"line":75,"column":13},"end":{"line":75,"column":null}},{"start":{"line":75,"column":13},"end":{"line":77,"column":null}}],"line":75},"2":{"loc":{"start":{"line":83,"column":17},"end":{"line":85,"column":null}},"type":"binary-expr","locations":[{"start":{"line":83,"column":17},"end":{"line":83,"column":null}},{"start":{"line":83,"column":35},"end":{"line":85,"column":null}}],"line":83},"3":{"loc":{"start":{"line":92,"column":13},"end":{"line":123,"column":null}},"type":"cond-expr","locations":[{"start":{"line":92,"column":13},"end":{"line":122,"column":15}},{"start":{"line":122,"column":14},"end":{"line":123,"column":null}}],"line":92},"4":{"loc":{"start":{"line":108,"column":19},"end":{"line":110,"column":null}},"type":"binary-expr","locations":[{"start":{"line":108,"column":19},"end":{"line":108,"column":null}},{"start":{"line":108,"column":19},"end":{"line":110,"column":null}}],"line":108},"5":{"loc":{"start":{"line":133,"column":15},"end":{"line":133,"column":null}},"type":"cond-expr","locations":[{"start":{"line":133,"column":15},"end":{"line":133,"column":61}},{"start":{"line":133,"column":60},"end":{"line":133,"column":null}}],"line":133},"6":{"loc":{"start":{"line":140,"column":10},"end":{"line":140,"column":null}},"type":"cond-expr","locations":[{"start":{"line":140,"column":27},"end":{"line":140,"column":45}},{"start":{"line":140,"column":45},"end":{"line":140,"column":null}}],"line":140},"7":{"loc":{"start":{"line":148,"column":18},"end":{"line":148,"column":null}},"type":"cond-expr","locations":[{"start":{"line":148,"column":28},"end":{"line":148,"column":70}},{"start":{"line":148,"column":70},"end":{"line":148,"column":null}}],"line":148}},"s":{"0":1,"1":1,"2":3,"3":1,"4":1,"5":1,"6":0,"7":0,"8":1,"9":0,"10":0,"11":0,"12":0,"13":0,"14":0,"15":4,"16":0},"f":{"0":1,"1":3,"2":0,"3":0,"4":0,"5":0,"6":0,"7":0,"8":0,"9":4,"10":0},"b":{"0":[1,0],"1":[1,0],"2":[1,0],"3":[0,1],"4":[0,0],"5":[0,1],"6":[0,1],"7":[0,1]},"meta":{"lastBranch":8,"lastFunction":11,"lastStatement":17,"seen":{"f:18:16:18:Infinity":0,"s:19:34:19:Infinity":0,"s:20:8:20:Infinity":1,"f:20:37:20:38":1,"s:20:48:20:67":2,"s:21:8:21:Infinity":3,"s:22:43:22:Infinity":4,"s:24:24:27:Infinity":5,"f:24:24:24:Infinity":2,"s:25:4:25:Infinity":6,"s:26:4:26:Infinity":7,"s:29:2:151:Infinity":8,"b:66:13:66:Infinity:66:13:67:Infinity":0,"b:75:13:75:Infinity:75:13:77:Infinity":1,"b:83:17:83:Infinity:83:35:85:Infinity":2,"b:92:13:122:15:122:14:123:Infinity":3,"f:104:45:104:51":3,"s:104:51:104:73":9,"f:105:45:105:51":4,"s:105:51:105:74":10,"f:106:45:106:51":5,"s:106:51:106:74":11,"f:107:45:107:51":6,"s:107:51:107:76":12,"b:108:19:108:Infinity:108:19:110:Infinity":4,"f:109:47:109:53":7,"s:109:53:109:Infinity":13,"f:131:23:131:29":8,"s:131:29:131:Infinity":14,"b:133:15:133:61:133:60:133:Infinity":5,"b:140:27:140:45:140:45:140:Infinity":6,"b:148:28:148:70:148:70:148:Infinity":7,"f:149:18:149:19":9,"s:149:19:151:Infinity":15,"f:154:25:154:31":10,"s:154:31:154:Infinity":16},"fnNames":{}}}
,"/app/src/components/products/ProductCard.tsx": {"path":"/app/src/components/products/ProductCard.tsx","statementMap":{"0":{"start":{"line":38,"column":8},"end":{"line":38,"column":null}},"1":{"start":{"line":38,"column":42},"end":{"line":38,"column":55}},"2":{"start":{"line":40,"column":26},"end":{"line":50,"column":null}},"3":{"start":{"line":41,"column":4},"end":{"line":41,"column":null}},"4":{"start":{"line":42,"column":4},"end":{"line":42,"column":null}},"5":{"start":{"line":43,"column":4},"end":{"line":48,"column":null}},"6":{"start":{"line":49,"column":4},"end":{"line":49,"column":null}},"7":{"start":{"line":52,"column":19},"end":{"line":54,"column":null}},"8":{"start":{"line":56,"column":2},"end":{"line":117,"column":null}},"9":{"start":{"line":57,"column":4},"end":{"line":109,"column":null}},"10":{"start":{"line":119,"column":2},"end":{"line":181,"column":null}}},"fnMap":{"0":{"name":"ProductCard","decl":{"start":{"line":37,"column":16},"end":{"line":37,"column":28}},"loc":{"start":{"line":37,"column":91},"end":{"line":188,"column":null}},"line":37},"1":{"name":"(anonymous_1)","decl":{"start":{"line":38,"column":31},"end":{"line":38,"column":32}},"loc":{"start":{"line":38,"column":42},"end":{"line":38,"column":55}},"line":38},"2":{"name":"(anonymous_2)","decl":{"start":{"line":40,"column":26},"end":{"line":40,"column":27}},"loc":{"start":{"line":40,"column":27},"end":{"line":50,"column":null}},"line":40}},"branchMap":{"0":{"loc":{"start":{"line":37,"column":39},"end":{"line":37,"column":56}},"type":"default-arg","locations":[{"start":{"line":37,"column":50},"end":{"line":37,"column":56}}],"line":37},"1":{"loc":{"start":{"line":46,"column":13},"end":{"line":46,"column":69}},"type":"cond-expr","locations":[{"start":{"line":46,"column":29},"end":{"line":46,"column":53}},{"start":{"line":46,"column":56},"end":{"line":46,"column":69}}],"line":46},"2":{"loc":{"start":{"line":52,"column":19},"end":{"line":54,"column":null}},"type":"cond-expr","locations":[{"start":{"line":53,"column":6},"end":{"line":53,"column":null}},{"start":{"line":54,"column":6},"end":{"line":54,"column":null}}],"line":52},"3":{"loc":{"start":{"line":56,"column":2},"end":{"line":117,"column":null}},"type":"if","locations":[{"start":{"line":56,"column":2},"end":{"line":117,"column":null}},{"start":{},"end":{}}],"line":56},"4":{"loc":{"start":{"line":61,"column":13},"end":{"line":68,"column":null}},"type":"cond-expr","locations":[{"start":{"line":61,"column":34},"end":{"line":68,"column":15}},{"start":{"line":68,"column":14},"end":{"line":68,"column":null}}],"line":61},"5":{"loc":{"start":{"line":80,"column":17},"end":{"line":92,"column":null}},"type":"cond-expr","locations":[{"start":{"line":80,"column":17},"end":{"line":88,"column":null}},{"start":{"line":88,"column":18},"end":{"line":92,"column":null}}],"line":80},"6":{"loc":{"start":{"line":90,"column":21},"end":{"line":92,"column":null}},"type":"binary-expr","locations":[{"start":{"line":90,"column":21},"end":{"line":90,"column":45}},{"start":{"line":90,"column":45},"end":{"line":92,"column":null}}],"line":90},"7":{"loc":{"start":{"line":100,"column":58},"end":{"line":100,"column":161}},"type":"binary-expr","locations":[{"start":{"line":100,"column":58},"end":{"line":100,"column":75}},{"start":{"line":100,"column":75},"end":{"line":100,"column":108}},{"start":{"line":100,"column":108},"end":{"line":100,"column":161}}],"line":100},"8":{"loc":{"start":{"line":102,"column":17},"end":{"line":102,"column":null}},"type":"cond-expr","locations":[{"start":{"line":102,"column":123},"end":{"line":102,"column":137}},{"start":{"line":102,"column":137},"end":{"line":102,"column":null}}],"line":102},"9":{"loc":{"start":{"line":102,"column":17},"end":{"line":102,"column":120}},"type":"binary-expr","locations":[{"start":{"line":102,"column":17},"end":{"line":102,"column":34}},{"start":{"line":102,"column":34},"end":{"line":102,"column":67}},{"start":{"line":102,"column":67},"end":{"line":102,"column":120}}],"line":102},"10":{"loc":{"start":{"line":104,"column":15},"end":{"line":109,"column":null}},"type":"binary-expr","locations":[{"start":{"line":104,"column":15},"end":{"line":104,"column":32}},{"start":{"line":104,"column":32},"end":{"line":104,"column":null}},{"start":{"line":104,"column":60},"end":{"line":109,"column":null}}],"line":104},"11":{"loc":{"start":{"line":123,"column":11},"end":{"line":130,"column":null}},"type":"cond-expr","locations":[{"start":{"line":123,"column":32},"end":{"line":130,"column":13}},{"start":{"line":130,"column":12},"end":{"line":130,"column":null}}],"line":123},"12":{"loc":{"start":{"line":134,"column":11},"end":{"line":142,"column":null}},"type":"cond-expr","locations":[{"start":{"line":134,"column":11},"end":{"line":138,"column":null}},{"start":{"line":138,"column":14},"end":{"line":142,"column":null}}],"line":134},"13":{"loc":{"start":{"line":138,"column":14},"end":{"line":142,"column":null}},"type":"cond-expr","locations":[{"start":{"line":138,"column":14},"end":{"line":142,"column":null}},{"start":{"line":142,"column":14},"end":{"line":142,"column":null}}],"line":138},"14":{"loc":{"start":{"line":145,"column":113},"end":{"line":145,"column":216}},"type":"binary-expr","locations":[{"start":{"line":145,"column":113},"end":{"line":145,"column":130}},{"start":{"line":145,"column":130},"end":{"line":145,"column":163}},{"start":{"line":145,"column":163},"end":{"line":145,"column":216}}],"line":145},"15":{"loc":{"start":{"line":152,"column":11},"end":{"line":153,"column":null}},"type":"binary-expr","locations":[{"start":{"line":152,"column":11},"end":{"line":152,"column":27}},{"start":{"line":152,"column":27},"end":{"line":153,"column":null}}],"line":152},"16":{"loc":{"start":{"line":157,"column":13},"end":{"line":169,"column":null}},"type":"cond-expr","locations":[{"start":{"line":157,"column":13},"end":{"line":165,"column":null}},{"start":{"line":165,"column":14},"end":{"line":169,"column":null}}],"line":157},"17":{"loc":{"start":{"line":167,"column":17},"end":{"line":169,"column":null}},"type":"binary-expr","locations":[{"start":{"line":167,"column":17},"end":{"line":167,"column":41}},{"start":{"line":167,"column":41},"end":{"line":169,"column":null}}],"line":167},"18":{"loc":{"start":{"line":175,"column":11},"end":{"line":181,"column":null}},"type":"binary-expr","locations":[{"start":{"line":175,"column":11},"end":{"line":175,"column":28}},{"start":{"line":175,"column":28},"end":{"line":175,"column":null}},{"start":{"line":175,"column":56},"end":{"line":181,"column":null}}],"line":175}},"s":{"0":4,"1":12,"2":4,"3":0,"4":0,"5":0,"6":0,"7":4,"8":4,"9":0,"10":4},"f":{"0":4,"1":12,"2":0},"b":{"0":[4],"1":[0,0],"2":[1,3],"3":[0,4],"4":[0,0],"5":[0,0],"6":[0,0],"7":[0,0,0],"8":[0,0],"9":[0,0,0],"10":[0,0,0],"11":[4,0],"12":[0,4],"13":[1,3],"14":[4,0,0],"15":[4,4],"16":[0,4],"17":[4,1],"18":[4,0,0]},"meta":{"lastBranch":19,"lastFunction":3,"lastStatement":11,"seen":{"f:37:16:37:28":0,"b:37:50:37:56":0,"s:38:8:38:Infinity":0,"f:38:31:38:32":1,"s:38:42:38:55":1,"s:40:26:50:Infinity":2,"f:40:26:40:27":2,"s:41:4:41:Infinity":3,"s:42:4:42:Infinity":4,"s:43:4:48:Infinity":5,"b:46:29:46:53:46:56:46:69":1,"s:49:4:49:Infinity":6,"s:52:19:54:Infinity":7,"b:53:6:53:Infinity:54:6:54:Infinity":2,"b:56:2:117:Infinity:undefined:undefined:undefined:undefined":3,"s:56:2:117:Infinity":8,"s:57:4:109:Infinity":9,"b:61:34:68:15:68:14:68:Infinity":4,"b:80:17:88:Infinity:88:18:92:Infinity":5,"b:90:21:90:45:90:45:92:Infinity":6,"b:100:58:100:75:100:75:100:108:100:108:100:161":7,"b:102:123:102:137:102:137:102:Infinity":8,"b:102:17:102:34:102:34:102:67:102:67:102:120":9,"b:104:15:104:32:104:32:104:Infinity:104:60:109:Infinity":10,"s:119:2:181:Infinity":10,"b:123:32:130:13:130:12:130:Infinity":11,"b:134:11:138:Infinity:138:14:142:Infinity":12,"b:138:14:142:Infinity:142:14:142:Infinity":13,"b:145:113:145:130:145:130:145:163:145:163:145:216":14,"b:152:11:152:27:152:27:153:Infinity":15,"b:157:13:165:Infinity:165:14:169:Infinity":16,"b:167:17:167:41:167:41:169:Infinity":17,"b:175:11:175:28:175:28:175:Infinity:175:56:181:Infinity":18},"fnNames":{}}}
,"/app/src/components/products/WishlistButton.tsx": {"path":"/app/src/components/products/WishlistButton.tsx","statementMap":{"0":{"start":{"line":8,"column":16},"end":{"line":8,"column":null}},"1":{"start":{"line":9,"column":42},"end":{"line":9,"column":null}},"2":{"start":{"line":10,"column":8},"end":{"line":10,"column":null}},"3":{"start":{"line":11,"column":17},"end":{"line":11,"column":null}},"4":{"start":{"line":13,"column":2},"end":{"line":24,"column":null}},"5":{"start":{"line":16,"column":8},"end":{"line":16,"column":28}},"6":{"start":{"line":16,"column":28},"end":{"line":16,"column":null}},"7":{"start":{"line":17,"column":8},"end":{"line":17,"column":null}},"8":{"start":{"line":17,"column":19},"end":{"line":17,"column":null}},"9":{"start":{"line":18,"column":8},"end":{"line":18,"column":null}}},"fnMap":{"0":{"name":"WishlistButton","decl":{"start":{"line":7,"column":16},"end":{"line":7,"column":31}},"loc":{"start":{"line":7,"column":98},"end":{"line":27,"column":null}},"line":7},"1":{"name":"(anonymous_1)","decl":{"start":{"line":15,"column":15},"end":{"line":15,"column":16}},"loc":{"start":{"line":15,"column":16},"end":{"line":19,"column":null}},"line":15}},"branchMap":{"0":{"loc":{"start":{"line":17,"column":8},"end":{"line":17,"column":null}},"type":"if","locations":[{"start":{"line":17,"column":8},"end":{"line":17,"column":null}},{"start":{},"end":{}}],"line":17},"1":{"loc":{"start":{"line":24,"column":49},"end":{"line":24,"column":null}},"type":"cond-expr","locations":[{"start":{"line":24,"column":58},"end":{"line":24,"column":88}},{"start":{"line":24,"column":88},"end":{"line":24,"column":null}}],"line":24}},"s":{"0":4,"1":4,"2":4,"3":4,"4":4,"5":0,"6":0,"7":0,"8":0,"9":0},"f":{"0":4,"1":0},"b":{"0":[0,0],"1":[0,4]},"meta":{"lastBranch":2,"lastFunction":2,"lastStatement":10,"seen":{"f:7:16:7:31":0,"s:8:16:8:Infinity":0,"s:9:42:9:Infinity":1,"s:10:8:10:Infinity":2,"s:11:17:11:Infinity":3,"s:13:2:24:Infinity":4,"f:15:15:15:16":1,"s:16:8:16:28":5,"s:16:28:16:Infinity":6,"b:17:8:17:Infinity:undefined:undefined:undefined:undefined":0,"s:17:8:17:Infinity":7,"s:17:19:17:Infinity":8,"s:18:8:18:Infinity":9,"b:24:58:24:88:24:88:24:Infinity":1},"fnNames":{}}}
,"/app/src/components/recommendations/ForYouFeed.tsx": {"path":"/app/src/components/recommendations/ForYouFeed.tsx","statementMap":{"0":{"start":{"line":7,"column":28},"end":{"line":48,"column":null}},"1":{"start":{"line":51,"column":2},"end":{"line":72,"column":null}},"2":{"start":{"line":70,"column":45},"end":{"line":72,"column":null}}},"fnMap":{"0":{"name":"ForYouFeed","decl":{"start":{"line":50,"column":16},"end":{"line":50,"column":null}},"loc":{"start":{"line":50,"column":16},"end":{"line":86,"column":null}},"line":50},"1":{"name":"(anonymous_1)","decl":{"start":{"line":70,"column":35},"end":{"line":70,"column":36}},"loc":{"start":{"line":70,"column":45},"end":{"line":72,"column":null}},"line":70}},"branchMap":{},"s":{"0":1,"1":1,"2":4},"f":{"0":1,"1":4},"b":{},"meta":{"lastBranch":0,"lastFunction":2,"lastStatement":3,"seen":{"s:7:28:48:Infinity":0,"f:50:16:50:Infinity":0,"s:51:2:72:Infinity":1,"f:70:35:70:36":1,"s:70:45:72:Infinity":2},"fnNames":{}}}
,"/app/src/components/recommendations/SmartReorder.tsx": {"path":"/app/src/components/recommendations/SmartReorder.tsx","statementMap":{"0":{"start":{"line":9,"column":18},"end":{"line":28,"column":null}},"1":{"start":{"line":31,"column":8},"end":{"line":31,"column":null}},"2":{"start":{"line":31,"column":42},"end":{"line":31,"column":55}},"3":{"start":{"line":33,"column":24},"end":{"line":46,"column":null}},"4":{"start":{"line":34,"column":4},"end":{"line":44,"column":null}},"5":{"start":{"line":36,"column":6},"end":{"line":43,"column":null}},"6":{"start":{"line":36,"column":19},"end":{"line":36,"column":22}},"7":{"start":{"line":37,"column":8},"end":{"line":42,"column":null}},"8":{"start":{"line":45,"column":4},"end":{"line":45,"column":null}},"9":{"start":{"line":48,"column":16},"end":{"line":48,"column":null}},"10":{"start":{"line":48,"column":54},"end":{"line":48,"column":87}},"11":{"start":{"line":50,"column":2},"end":{"line":88,"column":33}},"12":{"start":{"line":87,"column":46},"end":{"line":88,"column":33}}},"fnMap":{"0":{"name":"SmartReorder","decl":{"start":{"line":30,"column":16},"end":{"line":30,"column":null}},"loc":{"start":{"line":30,"column":16},"end":{"line":109,"column":null}},"line":30},"1":{"name":"(anonymous_1)","decl":{"start":{"line":31,"column":31},"end":{"line":31,"column":32}},"loc":{"start":{"line":31,"column":42},"end":{"line":31,"column":55}},"line":31},"2":{"name":"(anonymous_2)","decl":{"start":{"line":33,"column":24},"end":{"line":33,"column":null}},"loc":{"start":{"line":33,"column":24},"end":{"line":46,"column":null}},"line":33},"3":{"name":"(anonymous_3)","decl":{"start":{"line":34,"column":28},"end":{"line":34,"column":null}},"loc":{"start":{"line":34,"column":28},"end":{"line":44,"column":null}},"line":34},"4":{"name":"(anonymous_4)","decl":{"start":{"line":48,"column":39},"end":{"line":48,"column":40}},"loc":{"start":{"line":48,"column":54},"end":{"line":48,"column":87}},"line":48},"5":{"name":"(anonymous_5)","decl":{"start":{"line":87,"column":39},"end":{"line":87,"column":40}},"loc":{"start":{"line":87,"column":46},"end":{"line":88,"column":33}},"line":87}},"branchMap":{},"s":{"0":1,"1":1,"2":3,"3":1,"4":0,"5":0,"6":0,"7":0,"8":0,"9":1,"10":2,"11":1,"12":2},"f":{"0":1,"1":3,"2":0,"3":0,"4":2,"5":2},"b":{},"meta":{"lastBranch":0,"lastFunction":6,"lastStatement":13,"seen":{"s:9:18:28:Infinity":0,"f:30:16:30:Infinity":0,"s:31:8:31:Infinity":1,"f:31:31:31:32":1,"s:31:42:31:55":2,"s:33:24:46:Infinity":3,"f:33:24:33:Infinity":2,"s:34:4:44:Infinity":4,"f:34:28:34:Infinity":3,"s:36:6:43:Infinity":5,"s:36:19:36:22":6,"s:37:8:42:Infinity":7,"s:45:4:45:Infinity":8,"s:48:16:48:Infinity":9,"f:48:39:48:40":4,"s:48:54:48:87":10,"s:50:2:88:33":11,"f:87:39:87:40":5,"s:87:46:88:33":12},"fnNames":{}}}
,"/app/src/components/ui/badge.tsx": {"path":"/app/src/components/ui/badge.tsx","statementMap":{"0":{"start":{"line":6,"column":6},"end":{"line":20,"column":null}},"1":{"start":{"line":26,"column":2},"end":{"line":26,"column":null}}},"fnMap":{"0":{"name":"Badge","decl":{"start":{"line":25,"column":9},"end":{"line":25,"column":15}},"loc":{"start":{"line":25,"column":59},"end":{"line":27,"column":null}},"line":25}},"branchMap":{},"s":{"0":1,"1":3},"f":{"0":3},"b":{},"meta":{"lastBranch":0,"lastFunction":1,"lastStatement":2,"seen":{"s:6:6:20:Infinity":0,"f:25:9:25:15":0,"s:26:2:26:Infinity":1},"fnNames":{}}}
,"/app/src/components/ui/button.tsx": {"path":"/app/src/components/ui/button.tsx","statementMap":{"0":{"start":{"line":7,"column":6},"end":{"line":30,"column":null}},"1":{"start":{"line":39,"column":15},"end":{"line":43,"column":null}},"2":{"start":{"line":41,"column":17},"end":{"line":41,"column":null}},"3":{"start":{"line":42,"column":4},"end":{"line":42,"column":null}},"4":{"start":{"line":45,"column":0},"end":{"line":45,"column":null}}},"fnMap":{"0":{"name":"(anonymous_0)","decl":{"start":{"line":40,"column":2},"end":{"line":40,"column":3}},"loc":{"start":{"line":40,"column":60},"end":{"line":43,"column":null}},"line":40}},"branchMap":{"0":{"loc":{"start":{"line":40,"column":31},"end":{"line":40,"column":46}},"type":"default-arg","locations":[{"start":{"line":40,"column":41},"end":{"line":40,"column":46}}],"line":40},"1":{"loc":{"start":{"line":41,"column":17},"end":{"line":41,"column":null}},"type":"cond-expr","locations":[{"start":{"line":41,"column":27},"end":{"line":41,"column":34}},{"start":{"line":41,"column":34},"end":{"line":41,"column":null}}],"line":41}},"s":{"0":1,"1":1,"2":12,"3":12,"4":1},"f":{"0":12},"b":{"0":[12],"1":[2,10]},"meta":{"lastBranch":2,"lastFunction":1,"lastStatement":5,"seen":{"s:7:6:30:Infinity":0,"s:39:15:43:Infinity":1,"f:40:2:40:3":0,"b:40:41:40:46":0,"s:41:17:41:Infinity":2,"b:41:27:41:34:41:34:41:Infinity":1,"s:42:4:42:Infinity":3,"s:45:0:45:Infinity":4},"fnNames":{}}}
,"/app/src/components/ui/card.tsx": {"path":"/app/src/components/ui/card.tsx","statementMap":{"0":{"start":{"line":5,"column":13},"end":{"line":6,"column":null}},"1":{"start":{"line":5,"column":110},"end":{"line":6,"column":null}},"2":{"start":{"line":8,"column":0},"end":{"line":8,"column":null}},"3":{"start":{"line":10,"column":19},"end":{"line":12,"column":null}},"4":{"start":{"line":11,"column":28},"end":{"line":12,"column":null}},"5":{"start":{"line":15,"column":0},"end":{"line":15,"column":null}},"6":{"start":{"line":17,"column":18},"end":{"line":19,"column":null}},"7":{"start":{"line":18,"column":28},"end":{"line":19,"column":null}},"8":{"start":{"line":22,"column":0},"end":{"line":22,"column":null}},"9":{"start":{"line":24,"column":24},"end":{"line":26,"column":null}},"10":{"start":{"line":25,"column":28},"end":{"line":26,"column":null}},"11":{"start":{"line":29,"column":0},"end":{"line":29,"column":null}},"12":{"start":{"line":31,"column":20},"end":{"line":32,"column":null}},"13":{"start":{"line":32,"column":28},"end":{"line":32,"column":null}},"14":{"start":{"line":34,"column":0},"end":{"line":34,"column":null}},"15":{"start":{"line":36,"column":19},"end":{"line":38,"column":null}},"16":{"start":{"line":37,"column":28},"end":{"line":38,"column":null}},"17":{"start":{"line":41,"column":0},"end":{"line":41,"column":null}}},"fnMap":{"0":{"name":"(anonymous_0)","decl":{"start":{"line":5,"column":84},"end":{"line":5,"column":85}},"loc":{"start":{"line":5,"column":110},"end":{"line":6,"column":null}},"line":5},"1":{"name":"(anonymous_1)","decl":{"start":{"line":11,"column":2},"end":{"line":11,"column":3}},"loc":{"start":{"line":11,"column":28},"end":{"line":12,"column":null}},"line":11},"2":{"name":"(anonymous_2)","decl":{"start":{"line":18,"column":2},"end":{"line":18,"column":3}},"loc":{"start":{"line":18,"column":28},"end":{"line":19,"column":null}},"line":18},"3":{"name":"(anonymous_3)","decl":{"start":{"line":25,"column":2},"end":{"line":25,"column":3}},"loc":{"start":{"line":25,"column":28},"end":{"line":26,"column":null}},"line":25},"4":{"name":"(anonymous_4)","decl":{"start":{"line":32,"column":2},"end":{"line":32,"column":3}},"loc":{"start":{"line":32,"column":28},"end":{"line":32,"column":null}},"line":32},"5":{"name":"(anonymous_5)","decl":{"start":{"line":37,"column":2},"end":{"line":37,"column":3}},"loc":{"start":{"line":37,"column":28},"end":{"line":38,"column":null}},"line":37}},"branchMap":{},"s":{"0":1,"1":6,"2":1,"3":1,"4":0,"5":1,"6":1,"7":0,"8":1,"9":1,"10":0,"11":1,"12":1,"13":5,"14":1,"15":1,"16":0,"17":1},"f":{"0":6,"1":0,"2":0,"3":0,"4":5,"5":0},"b":{},"meta":{"lastBranch":0,"lastFunction":6,"lastStatement":18,"seen":{"s:5:13:6:Infinity":0,"f:5:84:5:85":0,"s:5:110:6:Infinity":1,"s:8:0:8:Infinity":2,"s:10:19:12:Infinity":3,"f:11:2:11:3":1,"s:11:28:12:Infinity":4,"s:15:0:15:Infinity":5,"s:17:18:19:Infinity":6,"f:18:2:18:3":2,"s:18:28:19:Infinity":7,"s:22:0:22:Infinity":8,"s:24:24:26:Infinity":9,"f:25:2:25:3":3,"s:25:28:26:Infinity":10,"s:29:0:29:Infinity":11,"s:31:20:32:Infinity":12,"f:32:2:32:3":4,"s:32:28:32:Infinity":13,"s:34:0:34:Infinity":14,"s:36:19:38:Infinity":15,"f:37:2:37:3":5,"s:37:28:38:Infinity":16,"s:41:0:41:Infinity":17},"fnNames":{}}}
,"/app/src/components/ui/dropdown-menu.tsx": {"path":"/app/src/components/ui/dropdown-menu.tsx","statementMap":{"0":{"start":{"line":7,"column":21},"end":{"line":7,"column":47}},"1":{"start":{"line":9,"column":28},"end":{"line":9,"column":57}},"2":{"start":{"line":11,"column":26},"end":{"line":11,"column":53}},"3":{"start":{"line":13,"column":27},"end":{"line":13,"column":55}},"4":{"start":{"line":15,"column":24},"end":{"line":15,"column":49}},"5":{"start":{"line":17,"column":31},"end":{"line":17,"column":63}},"6":{"start":{"line":19,"column":31},"end":{"line":35,"column":null}},"7":{"start":{"line":24,"column":45},"end":{"line":35,"column":null}},"8":{"start":{"line":38,"column":0},"end":{"line":38,"column":null}},"9":{"start":{"line":40,"column":31},"end":{"line":50,"column":null}},"10":{"start":{"line":43,"column":28},"end":{"line":50,"column":null}},"11":{"start":{"line":53,"column":0},"end":{"line":53,"column":null}},"12":{"start":{"line":55,"column":28},"end":{"line":67,"column":null}},"13":{"start":{"line":58,"column":44},"end":{"line":67,"column":null}},"14":{"start":{"line":71,"column":0},"end":{"line":71,"column":null}},"15":{"start":{"line":73,"column":25},"end":{"line":86,"column":null}},"16":{"start":{"line":78,"column":35},"end":{"line":86,"column":null}},"17":{"start":{"line":89,"column":0},"end":{"line":89,"column":null}},"18":{"start":{"line":91,"column":33},"end":{"line":109,"column":null}},"19":{"start":{"line":94,"column":47},"end":{"line":109,"column":null}},"20":{"start":{"line":112,"column":0},"end":{"line":112,"column":null}},"21":{"start":{"line":114,"column":30},"end":{"line":131,"column":null}},"22":{"start":{"line":117,"column":38},"end":{"line":131,"column":null}},"23":{"start":{"line":134,"column":0},"end":{"line":134,"column":null}},"24":{"start":{"line":136,"column":26},"end":{"line":145,"column":null}},"25":{"start":{"line":141,"column":35},"end":{"line":145,"column":null}},"26":{"start":{"line":148,"column":0},"end":{"line":148,"column":null}},"27":{"start":{"line":150,"column":30},"end":{"line":154,"column":null}},"28":{"start":{"line":153,"column":28},"end":{"line":154,"column":null}},"29":{"start":{"line":156,"column":0},"end":{"line":156,"column":null}},"30":{"start":{"line":158,"column":29},"end":{"line":160,"column":null}},"31":{"start":{"line":159,"column":2},"end":{"line":159,"column":null}},"32":{"start":{"line":161,"column":0},"end":{"line":161,"column":null}}},"fnMap":{"0":{"name":"(anonymous_0)","decl":{"start":{"line":24,"column":2},"end":{"line":24,"column":3}},"loc":{"start":{"line":24,"column":45},"end":{"line":35,"column":null}},"line":24},"1":{"name":"(anonymous_1)","decl":{"start":{"line":43,"column":2},"end":{"line":43,"column":3}},"loc":{"start":{"line":43,"column":28},"end":{"line":50,"column":null}},"line":43},"2":{"name":"(anonymous_2)","decl":{"start":{"line":58,"column":2},"end":{"line":58,"column":3}},"loc":{"start":{"line":58,"column":44},"end":{"line":67,"column":null}},"line":58},"3":{"name":"(anonymous_3)","decl":{"start":{"line":78,"column":2},"end":{"line":78,"column":3}},"loc":{"start":{"line":78,"column":35},"end":{"line":86,"column":null}},"line":78},"4":{"name":"(anonymous_4)","decl":{"start":{"line":94,"column":2},"end":{"line":94,"column":3}},"loc":{"start":{"line":94,"column":47},"end":{"line":109,"column":null}},"line":94},"5":{"name":"(anonymous_5)","decl":{"start":{"line":117,"column":2},"end":{"line":117,"column":3}},"loc":{"start":{"line":117,"column":38},"end":{"line":131,"column":null}},"line":117},"6":{"name":"(anonymous_6)","decl":{"start":{"line":141,"column":2},"end":{"line":141,"column":3}},"loc":{"start":{"line":141,"column":35},"end":{"line":145,"column":null}},"line":141},"7":{"name":"(anonymous_7)","decl":{"start":{"line":153,"column":2},"end":{"line":153,"column":3}},"loc":{"start":{"line":153,"column":28},"end":{"line":154,"column":null}},"line":153},"8":{"name":"(anonymous_8)","decl":{"start":{"line":158,"column":29},"end":{"line":158,"column":30}},"loc":{"start":{"line":158,"column":92},"end":{"line":160,"column":null}},"line":158}},"branchMap":{"0":{"loc":{"start":{"line":29,"column":6},"end":{"line":29,"column":null}},"type":"binary-expr","locations":[{"start":{"line":29,"column":6},"end":{"line":29,"column":15}},{"start":{"line":29,"column":15},"end":{"line":29,"column":null}}],"line":29},"1":{"loc":{"start":{"line":58,"column":16},"end":{"line":58,"column":30}},"type":"default-arg","locations":[{"start":{"line":58,"column":29},"end":{"line":58,"column":30}}],"line":58},"2":{"loc":{"start":{"line":83,"column":6},"end":{"line":83,"column":null}},"type":"binary-expr","locations":[{"start":{"line":83,"column":6},"end":{"line":83,"column":15}},{"start":{"line":83,"column":15},"end":{"line":83,"column":null}}],"line":83},"3":{"loc":{"start":{"line":144,"column":55},"end":{"line":144,"column":72}},"type":"binary-expr","locations":[{"start":{"line":144,"column":55},"end":{"line":144,"column":64}},{"start":{"line":144,"column":64},"end":{"line":144,"column":72}}],"line":144}},"s":{"0":1,"1":1,"2":1,"3":1,"4":1,"5":1,"6":1,"7":0,"8":1,"9":1,"10":0,"11":1,"12":1,"13":0,"14":1,"15":1,"16":0,"17":1,"18":1,"19":0,"20":1,"21":1,"22":0,"23":1,"24":1,"25":0,"26":1,"27":1,"28":0,"29":1,"30":1,"31":0,"32":1},"f":{"0":0,"1":0,"2":0,"3":0,"4":0,"5":0,"6":0,"7":0,"8":0},"b":{"0":[0,0],"1":[0],"2":[0,0],"3":[0,0]},"meta":{"lastBranch":4,"lastFunction":9,"lastStatement":33,"seen":{"s:7:21:7:47":0,"s:9:28:9:57":1,"s:11:26:11:53":2,"s:13:27:13:55":3,"s:15:24:15:49":4,"s:17:31:17:63":5,"s:19:31:35:Infinity":6,"f:24:2:24:3":0,"s:24:45:35:Infinity":7,"b:29:6:29:15:29:15:29:Infinity":0,"s:38:0:38:Infinity":8,"s:40:31:50:Infinity":9,"f:43:2:43:3":1,"s:43:28:50:Infinity":10,"s:53:0:53:Infinity":11,"s:55:28:67:Infinity":12,"f:58:2:58:3":2,"s:58:44:67:Infinity":13,"b:58:29:58:30":1,"s:71:0:71:Infinity":14,"s:73:25:86:Infinity":15,"f:78:2:78:3":3,"s:78:35:86:Infinity":16,"b:83:6:83:15:83:15:83:Infinity":2,"s:89:0:89:Infinity":17,"s:91:33:109:Infinity":18,"f:94:2:94:3":4,"s:94:47:109:Infinity":19,"s:112:0:112:Infinity":20,"s:114:30:131:Infinity":21,"f:117:2:117:3":5,"s:117:38:131:Infinity":22,"s:134:0:134:Infinity":23,"s:136:26:145:Infinity":24,"f:141:2:141:3":6,"s:141:35:145:Infinity":25,"b:144:55:144:64:144:64:144:72":3,"s:148:0:148:Infinity":26,"s:150:30:154:Infinity":27,"f:153:2:153:3":7,"s:153:28:154:Infinity":28,"s:156:0:156:Infinity":29,"s:158:29:160:Infinity":30,"f:158:29:158:30":8,"s:159:2:159:Infinity":31,"s:161:0:161:Infinity":32},"fnNames":{}}}
,"/app/src/components/ui/input.tsx": {"path":"/app/src/components/ui/input.tsx","statementMap":{"0":{"start":{"line":5,"column":14},"end":{"line":18,"column":null}},"1":{"start":{"line":7,"column":4},"end":{"line":15,"column":null}},"2":{"start":{"line":20,"column":0},"end":{"line":20,"column":null}}},"fnMap":{"0":{"name":"(anonymous_0)","decl":{"start":{"line":6,"column":2},"end":{"line":6,"column":3}},"loc":{"start":{"line":6,"column":34},"end":{"line":18,"column":null}},"line":6}},"branchMap":{},"s":{"0":1,"1":1,"2":1},"f":{"0":1},"b":{},"meta":{"lastBranch":0,"lastFunction":1,"lastStatement":3,"seen":{"s:5:14:18:Infinity":0,"f:6:2:6:3":0,"s:7:4:15:Infinity":1,"s:20:0:20:Infinity":2},"fnNames":{}}}
,"/app/src/components/ui/progress.tsx": {"path":"/app/src/components/ui/progress.tsx","statementMap":{"0":{"start":{"line":6,"column":17},"end":{"line":17,"column":null}},"1":{"start":{"line":9,"column":35},"end":{"line":17,"column":null}},"2":{"start":{"line":21,"column":0},"end":{"line":21,"column":null}}},"fnMap":{"0":{"name":"(anonymous_0)","decl":{"start":{"line":9,"column":2},"end":{"line":9,"column":3}},"loc":{"start":{"line":9,"column":35},"end":{"line":17,"column":null}},"line":9}},"branchMap":{"0":{"loc":{"start":{"line":17,"column":48},"end":{"line":17,"column":60}},"type":"binary-expr","locations":[{"start":{"line":17,"column":48},"end":{"line":17,"column":57}},{"start":{"line":17,"column":57},"end":{"line":17,"column":60}}],"line":17}},"s":{"0":1,"1":0,"2":1},"f":{"0":0},"b":{"0":[0,0]},"meta":{"lastBranch":1,"lastFunction":1,"lastStatement":3,"seen":{"s:6:17:17:Infinity":0,"f:9:2:9:3":0,"s:9:35:17:Infinity":1,"b:17:48:17:57:17:57:17:60":0,"s:21:0:21:Infinity":2},"fnNames":{}}}
,"/app/src/components/ui/scroll-area.tsx": {"path":"/app/src/components/ui/scroll-area.tsx","statementMap":{"0":{"start":{"line":6,"column":19},"end":{"line":13,"column":null}},"1":{"start":{"line":9,"column":38},"end":{"line":13,"column":null}},"2":{"start":{"line":16,"column":0},"end":{"line":16,"column":null}},"3":{"start":{"line":18,"column":18},"end":{"line":33,"column":null}},"4":{"start":{"line":21,"column":54},"end":{"line":33,"column":null}},"5":{"start":{"line":36,"column":0},"end":{"line":36,"column":null}}},"fnMap":{"0":{"name":"(anonymous_0)","decl":{"start":{"line":9,"column":2},"end":{"line":9,"column":3}},"loc":{"start":{"line":9,"column":38},"end":{"line":13,"column":null}},"line":9},"1":{"name":"(anonymous_1)","decl":{"start":{"line":21,"column":2},"end":{"line":21,"column":3}},"loc":{"start":{"line":21,"column":54},"end":{"line":33,"column":null}},"line":21}},"branchMap":{"0":{"loc":{"start":{"line":21,"column":16},"end":{"line":21,"column":40}},"type":"default-arg","locations":[{"start":{"line":21,"column":30},"end":{"line":21,"column":40}}],"line":21},"1":{"loc":{"start":{"line":27,"column":6},"end":{"line":27,"column":null}},"type":"binary-expr","locations":[{"start":{"line":27,"column":6},"end":{"line":27,"column":36}},{"start":{"line":27,"column":36},"end":{"line":27,"column":null}}],"line":27},"2":{"loc":{"start":{"line":28,"column":6},"end":{"line":28,"column":null}},"type":"binary-expr","locations":[{"start":{"line":28,"column":6},"end":{"line":28,"column":38}},{"start":{"line":28,"column":38},"end":{"line":28,"column":null}}],"line":28}},"s":{"0":1,"1":1,"2":1,"3":1,"4":1,"5":1},"f":{"0":1,"1":1},"b":{"0":[1],"1":[1,1],"2":[1,0]},"meta":{"lastBranch":3,"lastFunction":2,"lastStatement":6,"seen":{"s:6:19:13:Infinity":0,"f:9:2:9:3":0,"s:9:38:13:Infinity":1,"s:16:0:16:Infinity":2,"s:18:18:33:Infinity":3,"f:21:2:21:3":1,"s:21:54:33:Infinity":4,"b:21:30:21:40":0,"b:27:6:27:36:27:36:27:Infinity":1,"b:28:6:28:38:28:38:28:Infinity":2,"s:36:0:36:Infinity":5},"fnNames":{}}}
,"/app/src/hooks/useAuth.tsx": {"path":"/app/src/hooks/useAuth.tsx","statementMap":{"0":{"start":{"line":15,"column":6},"end":{"line":15,"column":null}},"1":{"start":{"line":18,"column":23},"end":{"line":18,"column":null}},"2":{"start":{"line":19,"column":29},"end":{"line":19,"column":null}},"3":{"start":{"line":20,"column":29},"end":{"line":20,"column":null}},"4":{"start":{"line":21,"column":29},"end":{"line":21,"column":null}},"5":{"start":{"line":23,"column":2},"end":{"line":54,"column":null}},"6":{"start":{"line":25,"column":39},"end":{"line":39,"column":null}},"7":{"start":{"line":27,"column":8},"end":{"line":27,"column":null}},"8":{"start":{"line":28,"column":8},"end":{"line":28,"column":null}},"9":{"start":{"line":29,"column":8},"end":{"line":29,"column":null}},"10":{"start":{"line":32,"column":8},"end":{"line":38,"column":null}},"11":{"start":{"line":33,"column":10},"end":{"line":35,"column":null}},"12":{"start":{"line":34,"column":12},"end":{"line":34,"column":null}},"13":{"start":{"line":37,"column":10},"end":{"line":37,"column":null}},"14":{"start":{"line":43,"column":4},"end":{"line":51,"column":null}},"15":{"start":{"line":44,"column":6},"end":{"line":44,"column":null}},"16":{"start":{"line":45,"column":6},"end":{"line":45,"column":null}},"17":{"start":{"line":46,"column":6},"end":{"line":46,"column":null}},"18":{"start":{"line":48,"column":6},"end":{"line":50,"column":null}},"19":{"start":{"line":49,"column":8},"end":{"line":49,"column":null}},"20":{"start":{"line":53,"column":4},"end":{"line":53,"column":null}},"21":{"start":{"line":53,"column":17},"end":{"line":53,"column":null}},"22":{"start":{"line":56,"column":25},"end":{"line":64,"column":null}},"23":{"start":{"line":57,"column":21},"end":{"line":62,"column":null}},"24":{"start":{"line":63,"column":4},"end":{"line":63,"column":null}},"25":{"start":{"line":67,"column":17},"end":{"line":81,"column":null}},"26":{"start":{"line":68,"column":24},"end":{"line":68,"column":52}},"27":{"start":{"line":70,"column":22},"end":{"line":79,"column":null}},"28":{"start":{"line":80,"column":4},"end":{"line":80,"column":null}},"29":{"start":{"line":83,"column":17},"end":{"line":89,"column":null}},"30":{"start":{"line":84,"column":22},"end":{"line":87,"column":null}},"31":{"start":{"line":88,"column":4},"end":{"line":88,"column":null}},"32":{"start":{"line":91,"column":18},"end":{"line":93,"column":null}},"33":{"start":{"line":92,"column":4},"end":{"line":92,"column":null}},"34":{"start":{"line":95,"column":2},"end":{"line":97,"column":null}},"35":{"start":{"line":103,"column":8},"end":{"line":103,"column":null}},"36":{"start":{"line":104,"column":2},"end":{"line":106,"column":null}},"37":{"start":{"line":105,"column":4},"end":{"line":105,"column":null}},"38":{"start":{"line":107,"column":2},"end":{"line":107,"column":null}}},"fnMap":{"0":{"name":"AuthProvider","decl":{"start":{"line":17,"column":16},"end":{"line":17,"column":29}},"loc":{"start":{"line":17,"column":66},"end":{"line":100,"column":null}},"line":17},"1":{"name":"(anonymous_1)","decl":{"start":{"line":23,"column":12},"end":{"line":23,"column":null}},"loc":{"start":{"line":23,"column":12},"end":{"line":54,"column":5}},"line":23},"2":{"name":"(anonymous_2)","decl":{"start":{"line":26,"column":6},"end":{"line":26,"column":7}},"loc":{"start":{"line":26,"column":14},"end":{"line":39,"column":null}},"line":26},"3":{"name":"(anonymous_3)","decl":{"start":{"line":33,"column":21},"end":{"line":33,"column":null}},"loc":{"start":{"line":33,"column":21},"end":{"line":35,"column":13}},"line":33},"4":{"name":"(anonymous_4)","decl":{"start":{"line":43,"column":36},"end":{"line":43,"column":37}},"loc":{"start":{"line":43,"column":58},"end":{"line":51,"column":null}},"line":43},"5":{"name":"(anonymous_5)","decl":{"start":{"line":53,"column":11},"end":{"line":53,"column":17}},"loc":{"start":{"line":53,"column":17},"end":{"line":53,"column":null}},"line":53},"6":{"name":"(anonymous_6)","decl":{"start":{"line":56,"column":25},"end":{"line":56,"column":32}},"loc":{"start":{"line":56,"column":32},"end":{"line":64,"column":null}},"line":56},"7":{"name":"(anonymous_7)","decl":{"start":{"line":67,"column":17},"end":{"line":67,"column":24}},"loc":{"start":{"line":67,"column":57},"end":{"line":81,"column":null}},"line":67},"8":{"name":"(anonymous_8)","decl":{"start":{"line":83,"column":17},"end":{"line":83,"column":24}},"loc":{"start":{"line":83,"column":39},"end":{"line":89,"column":null}},"line":83},"9":{"name":"(anonymous_9)","decl":{"start":{"line":91,"column":18},"end":{"line":91,"column":null}},"loc":{"start":{"line":91,"column":18},"end":{"line":93,"column":null}},"line":91},"10":{"name":"useAuth","decl":{"start":{"line":102,"column":16},"end":{"line":102,"column":null}},"loc":{"start":{"line":102,"column":16},"end":{"line":108,"column":null}},"line":102}},"branchMap":{"0":{"loc":{"start":{"line":28,"column":16},"end":{"line":28,"column":null}},"type":"binary-expr","locations":[{"start":{"line":28,"column":16},"end":{"line":28,"column":33}},{"start":{"line":28,"column":33},"end":{"line":28,"column":null}}],"line":28},"1":{"loc":{"start":{"line":32,"column":8},"end":{"line":38,"column":null}},"type":"if","locations":[{"start":{"line":32,"column":8},"end":{"line":38,"column":null}},{"start":{"line":36,"column":15},"end":{"line":38,"column":null}}],"line":32},"2":{"loc":{"start":{"line":45,"column":14},"end":{"line":45,"column":null}},"type":"binary-expr","locations":[{"start":{"line":45,"column":14},"end":{"line":45,"column":31}},{"start":{"line":45,"column":31},"end":{"line":45,"column":null}}],"line":45},"3":{"loc":{"start":{"line":48,"column":6},"end":{"line":50,"column":null}},"type":"if","locations":[{"start":{"line":48,"column":6},"end":{"line":50,"column":null}},{"start":{},"end":{}}],"line":48},"4":{"loc":{"start":{"line":104,"column":2},"end":{"line":106,"column":null}},"type":"if","locations":[{"start":{"line":104,"column":2},"end":{"line":106,"column":null}},{"start":{},"end":{}}],"line":104}},"s":{"0":1,"1":4,"2":4,"3":4,"4":4,"5":4,"6":3,"7":3,"8":3,"9":3,"10":3,"11":0,"12":0,"13":3,"14":3,"15":3,"16":3,"17":3,"18":3,"19":0,"20":3,"21":3,"22":4,"23":0,"24":0,"25":4,"26":0,"27":0,"28":0,"29":4,"30":0,"31":0,"32":4,"33":0,"34":4,"35":9,"36":9,"37":0,"38":9},"f":{"0":4,"1":3,"2":3,"3":0,"4":3,"5":3,"6":0,"7":0,"8":0,"9":0,"10":9},"b":{"0":[3,3],"1":[0,3],"2":[3,3],"3":[0,3],"4":[0,9]},"meta":{"lastBranch":5,"lastFunction":11,"lastStatement":39,"seen":{"s:15:6:15:Infinity":0,"f:17:16:17:29":0,"s:18:23:18:Infinity":1,"s:19:29:19:Infinity":2,"s:20:29:20:Infinity":3,"s:21:29:21:Infinity":4,"s:23:2:54:Infinity":5,"f:23:12:23:Infinity":1,"s:25:39:39:Infinity":6,"f:26:6:26:7":2,"s:27:8:27:Infinity":7,"s:28:8:28:Infinity":8,"b:28:16:28:33:28:33:28:Infinity":0,"s:29:8:29:Infinity":9,"b:32:8:38:Infinity:36:15:38:Infinity":1,"s:32:8:38:Infinity":10,"s:33:10:35:Infinity":11,"f:33:21:33:Infinity":3,"s:34:12:34:Infinity":12,"s:37:10:37:Infinity":13,"s:43:4:51:Infinity":14,"f:43:36:43:37":4,"s:44:6:44:Infinity":15,"s:45:6:45:Infinity":16,"b:45:14:45:31:45:31:45:Infinity":2,"s:46:6:46:Infinity":17,"b:48:6:50:Infinity:undefined:undefined:undefined:undefined":3,"s:48:6:50:Infinity":18,"s:49:8:49:Infinity":19,"s:53:4:53:Infinity":20,"f:53:11:53:17":5,"s:53:17:53:Infinity":21,"s:56:25:64:Infinity":22,"f:56:25:56:32":6,"s:57:21:62:Infinity":23,"s:63:4:63:Infinity":24,"s:67:17:81:Infinity":25,"f:67:17:67:24":7,"s:68:24:68:52":26,"s:70:22:79:Infinity":27,"s:80:4:80:Infinity":28,"s:83:17:89:Infinity":29,"f:83:17:83:24":8,"s:84:22:87:Infinity":30,"s:88:4:88:Infinity":31,"s:91:18:93:Infinity":32,"f:91:18:91:Infinity":9,"s:92:4:92:Infinity":33,"s:95:2:97:Infinity":34,"f:102:16:102:Infinity":10,"s:103:8:103:Infinity":35,"b:104:2:106:Infinity:undefined:undefined:undefined:undefined":4,"s:104:2:106:Infinity":36,"s:105:4:105:Infinity":37,"s:107:2:107:Infinity":38},"fnNames":{}}}
,"/app/src/hooks/useWishlist.tsx": {"path":"/app/src/hooks/useWishlist.tsx","statementMap":{"0":{"start":{"line":7,"column":16},"end":{"line":7,"column":null}},"1":{"start":{"line":8,"column":8},"end":{"line":8,"column":null}},"2":{"start":{"line":10,"column":39},"end":{"line":21,"column":null}},"3":{"start":{"line":14,"column":30},"end":{"line":17,"column":null}},"4":{"start":{"line":18,"column":6},"end":{"line":18,"column":null}},"5":{"start":{"line":18,"column":17},"end":{"line":18,"column":null}},"6":{"start":{"line":19,"column":6},"end":{"line":19,"column":null}},"7":{"start":{"line":23,"column":21},"end":{"line":23,"column":null}},"8":{"start":{"line":23,"column":51},"end":{"line":23,"column":63}},"9":{"start":{"line":25,"column":8},"end":{"line":42,"column":null}},"10":{"start":{"line":27,"column":6},"end":{"line":27,"column":null}},"11":{"start":{"line":27,"column":17},"end":{"line":27,"column":null}},"12":{"start":{"line":28,"column":6},"end":{"line":32,"column":null}},"13":{"start":{"line":29,"column":26},"end":{"line":29,"column":null}},"14":{"start":{"line":30,"column":8},"end":{"line":30,"column":null}},"15":{"start":{"line":30,"column":19},"end":{"line":30,"column":null}},"16":{"start":{"line":31,"column":8},"end":{"line":31,"column":null}},"17":{"start":{"line":33,"column":24},"end":{"line":33,"column":null}},"18":{"start":{"line":34,"column":6},"end":{"line":34,"column":null}},"19":{"start":{"line":34,"column":17},"end":{"line":34,"column":null}},"20":{"start":{"line":35,"column":6},"end":{"line":35,"column":null}},"21":{"start":{"line":38,"column":6},"end":{"line":38,"column":null}},"22":{"start":{"line":39,"column":6},"end":{"line":39,"column":null}},"23":{"start":{"line":41,"column":27},"end":{"line":41,"column":null}},"24":{"start":{"line":45,"column":8},"end":{"line":61,"column":null}},"25":{"start":{"line":47,"column":6},"end":{"line":47,"column":null}},"26":{"start":{"line":47,"column":17},"end":{"line":47,"column":null}},"27":{"start":{"line":48,"column":24},"end":{"line":52,"column":null}},"28":{"start":{"line":53,"column":6},"end":{"line":53,"column":null}},"29":{"start":{"line":53,"column":17},"end":{"line":53,"column":null}},"30":{"start":{"line":54,"column":6},"end":{"line":54,"column":null}},"31":{"start":{"line":57,"column":6},"end":{"line":57,"column":null}},"32":{"start":{"line":58,"column":6},"end":{"line":58,"column":null}},"33":{"start":{"line":60,"column":27},"end":{"line":60,"column":null}},"34":{"start":{"line":63,"column":2},"end":{"line":63,"column":null}}},"fnMap":{"0":{"name":"useWishlist","decl":{"start":{"line":6,"column":16},"end":{"line":6,"column":null}},"loc":{"start":{"line":6,"column":16},"end":{"line":64,"column":null}},"line":6},"1":{"name":"(anonymous_1)","decl":{"start":{"line":13,"column":13},"end":{"line":13,"column":null}},"loc":{"start":{"line":13,"column":13},"end":{"line":20,"column":null}},"line":13},"2":{"name":"(anonymous_2)","decl":{"start":{"line":23,"column":39},"end":{"line":23,"column":40}},"loc":{"start":{"line":23,"column":51},"end":{"line":23,"column":63}},"line":23},"3":{"name":"(anonymous_3)","decl":{"start":{"line":26,"column":16},"end":{"line":26,"column":23}},"loc":{"start":{"line":26,"column":23},"end":{"line":36,"column":null}},"line":26},"4":{"name":"(anonymous_4)","decl":{"start":{"line":37,"column":15},"end":{"line":37,"column":16}},"loc":{"start":{"line":37,"column":16},"end":{"line":40,"column":null}},"line":37},"5":{"name":"(anonymous_5)","decl":{"start":{"line":41,"column":13},"end":{"line":41,"column":14}},"loc":{"start":{"line":41,"column":27},"end":{"line":41,"column":null}},"line":41},"6":{"name":"(anonymous_6)","decl":{"start":{"line":46,"column":16},"end":{"line":46,"column":23}},"loc":{"start":{"line":46,"column":112},"end":{"line":55,"column":null}},"line":46},"7":{"name":"(anonymous_7)","decl":{"start":{"line":56,"column":15},"end":{"line":56,"column":null}},"loc":{"start":{"line":56,"column":15},"end":{"line":59,"column":null}},"line":56},"8":{"name":"(anonymous_8)","decl":{"start":{"line":60,"column":13},"end":{"line":60,"column":14}},"loc":{"start":{"line":60,"column":27},"end":{"line":60,"column":null}},"line":60}},"branchMap":{"0":{"loc":{"start":{"line":10,"column":16},"end":{"line":10,"column":26}},"type":"default-arg","locations":[{"start":{"line":10,"column":24},"end":{"line":10,"column":26}}],"line":10},"1":{"loc":{"start":{"line":18,"column":6},"end":{"line":18,"column":null}},"type":"if","locations":[{"start":{"line":18,"column":6},"end":{"line":18,"column":null}},{"start":{},"end":{}}],"line":18},"2":{"loc":{"start":{"line":19,"column":13},"end":{"line":19,"column":23}},"type":"binary-expr","locations":[{"start":{"line":19,"column":13},"end":{"line":19,"column":21}},{"start":{"line":19,"column":21},"end":{"line":19,"column":23}}],"line":19},"3":{"loc":{"start":{"line":27,"column":6},"end":{"line":27,"column":null}},"type":"if","locations":[{"start":{"line":27,"column":6},"end":{"line":27,"column":null}},{"start":{},"end":{}}],"line":27},"4":{"loc":{"start":{"line":28,"column":6},"end":{"line":32,"column":null}},"type":"if","locations":[{"start":{"line":28,"column":6},"end":{"line":32,"column":null}},{"start":{},"end":{}}],"line":28},"5":{"loc":{"start":{"line":30,"column":8},"end":{"line":30,"column":null}},"type":"if","locations":[{"start":{"line":30,"column":8},"end":{"line":30,"column":null}},{"start":{},"end":{}}],"line":30},"6":{"loc":{"start":{"line":34,"column":6},"end":{"line":34,"column":null}},"type":"if","locations":[{"start":{"line":34,"column":6},"end":{"line":34,"column":null}},{"start":{},"end":{}}],"line":34},"7":{"loc":{"start":{"line":39,"column":20},"end":{"line":39,"column":null}},"type":"cond-expr","locations":[{"start":{"line":39,"column":41},"end":{"line":39,"column":68}},{"start":{"line":39,"column":68},"end":{"line":39,"column":null}}],"line":39},"8":{"loc":{"start":{"line":47,"column":6},"end":{"line":47,"column":null}},"type":"if","locations":[{"start":{"line":47,"column":6},"end":{"line":47,"column":null}},{"start":{},"end":{}}],"line":47},"9":{"loc":{"start":{"line":53,"column":6},"end":{"line":53,"column":null}},"type":"if","locations":[{"start":{"line":53,"column":6},"end":{"line":53,"column":null}},{"start":{},"end":{}}],"line":53}},"s":{"0":4,"1":4,"2":4,"3":0,"4":0,"5":0,"6":0,"7":4,"8":0,"9":4,"10":0,"11":0,"12":0,"13":0,"14":0,"15":0,"16":0,"17":0,"18":0,"19":0,"20":0,"21":0,"22":0,"23":0,"24":4,"25":0,"26":0,"27":0,"28":0,"29":0,"30":0,"31":0,"32":0,"33":0,"34":4},"f":{"0":4,"1":0,"2":0,"3":0,"4":0,"5":0,"6":0,"7":0,"8":0},"b":{"0":[4],"1":[0,0],"2":[0,0],"3":[0,0],"4":[0,0],"5":[0,0],"6":[0,0],"7":[0,0],"8":[0,0],"9":[0,0]},"meta":{"lastBranch":10,"lastFunction":9,"lastStatement":35,"seen":{"f:6:16:6:Infinity":0,"s:7:16:7:Infinity":0,"s:8:8:8:Infinity":1,"s:10:39:21:Infinity":2,"b:10:24:10:26":0,"f:13:13:13:Infinity":1,"s:14:30:17:Infinity":3,"b:18:6:18:Infinity:undefined:undefined:undefined:undefined":1,"s:18:6:18:Infinity":4,"s:18:17:18:Infinity":5,"s:19:6:19:Infinity":6,"b:19:13:19:21:19:21:19:23":2,"s:23:21:23:Infinity":7,"f:23:39:23:40":2,"s:23:51:23:63":8,"s:25:8:42:Infinity":9,"f:26:16:26:23":3,"b:27:6:27:Infinity:undefined:undefined:undefined:undefined":3,"s:27:6:27:Infinity":10,"s:27:17:27:Infinity":11,"b:28:6:32:Infinity:undefined:undefined:undefined:undefined":4,"s:28:6:32:Infinity":12,"s:29:26:29:Infinity":13,"b:30:8:30:Infinity:undefined:undefined:undefined:undefined":5,"s:30:8:30:Infinity":14,"s:30:19:30:Infinity":15,"s:31:8:31:Infinity":16,"s:33:24:33:Infinity":17,"b:34:6:34:Infinity:undefined:undefined:undefined:undefined":6,"s:34:6:34:Infinity":18,"s:34:17:34:Infinity":19,"s:35:6:35:Infinity":20,"f:37:15:37:16":4,"s:38:6:38:Infinity":21,"s:39:6:39:Infinity":22,"b:39:41:39:68:39:68:39:Infinity":7,"f:41:13:41:14":5,"s:41:27:41:Infinity":23,"s:45:8:61:Infinity":24,"f:46:16:46:23":6,"b:47:6:47:Infinity:undefined:undefined:undefined:undefined":8,"s:47:6:47:Infinity":25,"s:47:17:47:Infinity":26,"s:48:24:52:Infinity":27,"b:53:6:53:Infinity:undefined:undefined:undefined:undefined":9,"s:53:6:53:Infinity":28,"s:53:17:53:Infinity":29,"s:54:6:54:Infinity":30,"f:56:15:56:Infinity":7,"s:57:6:57:Infinity":31,"s:58:6:58:Infinity":32,"f:60:13:60:14":8,"s:60:27:60:Infinity":33,"s:63:2:63:Infinity":34},"fnNames":{}}}
,"/app/src/integrations/supabase/client.ts": {"path":"/app/src/integrations/supabase/client.ts","statementMap":{"0":{"start":{"line":5,"column":21},"end":{"line":5,"column":54}},"1":{"start":{"line":6,"column":33},"end":{"line":6,"column":78}},"2":{"start":{"line":11,"column":13},"end":{"line":17,"column":null}}},"fnMap":{},"branchMap":{},"s":{"0":1,"1":1,"2":1},"f":{},"b":{},"meta":{"lastBranch":0,"lastFunction":0,"lastStatement":3,"seen":{"s:5:21:5:54":0,"s:6:33:6:78":1,"s:11:13:17:Infinity":2},"fnNames":{}}}
,"/app/src/lib/utils.ts": {"path":"/app/src/lib/utils.ts","statementMap":{"0":{"start":{"line":5,"column":2},"end":{"line":5,"column":null}}},"fnMap":{"0":{"name":"cn","decl":{"start":{"line":4,"column":16},"end":{"line":4,"column":19}},"loc":{"start":{"line":4,"column":42},"end":{"line":6,"column":null}},"line":4}},"branchMap":{},"s":{"0":38},"f":{"0":38},"b":{},"meta":{"lastBranch":0,"lastFunction":1,"lastStatement":1,"seen":{"f:4:16:4:19":0,"s:5:2:5:Infinity":0},"fnNames":{}}}
,"/app/src/pages/AiConcierge.tsx": {"path":"/app/src/pages/AiConcierge.tsx","statementMap":{"0":{"start":{"line":18,"column":26},"end":{"line":33,"column":null}},"1":{"start":{"line":19,"column":2},"end":{"line":32,"column":null}},"2":{"start":{"line":20,"column":4},"end":{"line":31,"column":null}},"3":{"start":{"line":21,"column":26},"end":{"line":21,"column":null}},"4":{"start":{"line":22,"column":6},"end":{"line":30,"column":null}},"5":{"start":{"line":23,"column":8},"end":{"line":23,"column":null}},"6":{"start":{"line":24,"column":13},"end":{"line":30,"column":null}},"7":{"start":{"line":25,"column":8},"end":{"line":25,"column":null}},"8":{"start":{"line":26,"column":13},"end":{"line":30,"column":null}},"9":{"start":{"line":27,"column":8},"end":{"line":27,"column":null}},"10":{"start":{"line":29,"column":8},"end":{"line":29,"column":null}},"11":{"start":{"line":35,"column":26},"end":{"line":39,"column":null}},"12":{"start":{"line":42,"column":31},"end":{"line":48,"column":null}},"13":{"start":{"line":49,"column":25},"end":{"line":49,"column":null}},"14":{"start":{"line":50,"column":31},"end":{"line":50,"column":null}},"15":{"start":{"line":51,"column":8},"end":{"line":51,"column":null}},"16":{"start":{"line":53,"column":2},"end":{"line":57,"column":null}},"17":{"start":{"line":54,"column":4},"end":{"line":56,"column":null}},"18":{"start":{"line":55,"column":6},"end":{"line":55,"column":null}},"19":{"start":{"line":59,"column":21},"end":{"line":77,"column":null}},"20":{"start":{"line":60,"column":4},"end":{"line":60,"column":null}},"21":{"start":{"line":60,"column":22},"end":{"line":60,"column":null}},"22":{"start":{"line":62,"column":33},"end":{"line":62,"column":null}},"23":{"start":{"line":63,"column":4},"end":{"line":63,"column":null}},"24":{"start":{"line":63,"column":24},"end":{"line":63,"column":null}},"25":{"start":{"line":64,"column":4},"end":{"line":64,"column":null}},"26":{"start":{"line":65,"column":4},"end":{"line":65,"column":null}},"27":{"start":{"line":67,"column":4},"end":{"line":76,"column":null}},"28":{"start":{"line":68,"column":23},"end":{"line":68,"column":null}},"29":{"start":{"line":69,"column":33},"end":{"line":69,"column":null}},"30":{"start":{"line":70,"column":6},"end":{"line":70,"column":null}},"31":{"start":{"line":70,"column":26},"end":{"line":70,"column":null}},"32":{"start":{"line":72,"column":36},"end":{"line":72,"column":null}},"33":{"start":{"line":73,"column":6},"end":{"line":73,"column":null}},"34":{"start":{"line":73,"column":26},"end":{"line":73,"column":null}},"35":{"start":{"line":75,"column":6},"end":{"line":75,"column":null}},"36":{"start":{"line":79,"column":2},"end":{"line":182,"column":null}},"37":{"start":{"line":101,"column":31},"end":{"line":103,"column":null}},"38":{"start":{"line":120,"column":66},"end":{"line":120,"column":null}},"39":{"start":{"line":149,"column":48},"end":{"line":151,"column":null}},"40":{"start":{"line":155,"column":35},"end":{"line":155,"column":null}},"41":{"start":{"line":166,"column":35},"end":{"line":166,"column":null}},"42":{"start":{"line":167,"column":36},"end":{"line":167,"column":null}},"43":{"start":{"line":175,"column":33},"end":{"line":175,"column":null}}},"fnMap":{"0":{"name":"(anonymous_0)","decl":{"start":{"line":18,"column":26},"end":{"line":18,"column":33}},"loc":{"start":{"line":18,"column":33},"end":{"line":33,"column":null}},"line":18},"1":{"name":"(anonymous_1)","decl":{"start":{"line":19,"column":21},"end":{"line":19,"column":22}},"loc":{"start":{"line":19,"column":22},"end":{"line":32,"column":null}},"line":19},"2":{"name":"(anonymous_2)","decl":{"start":{"line":20,"column":15},"end":{"line":20,"column":null}},"loc":{"start":{"line":20,"column":15},"end":{"line":31,"column":7}},"line":20},"3":{"name":"AiConcierge","decl":{"start":{"line":41,"column":24},"end":{"line":41,"column":null}},"loc":{"start":{"line":41,"column":24},"end":{"line":191,"column":null}},"line":41},"4":{"name":"(anonymous_4)","decl":{"start":{"line":53,"column":12},"end":{"line":53,"column":null}},"loc":{"start":{"line":53,"column":12},"end":{"line":57,"column":5}},"line":53},"5":{"name":"(anonymous_5)","decl":{"start":{"line":59,"column":21},"end":{"line":59,"column":28}},"loc":{"start":{"line":59,"column":48},"end":{"line":77,"column":null}},"line":59},"6":{"name":"(anonymous_6)","decl":{"start":{"line":63,"column":16},"end":{"line":63,"column":24}},"loc":{"start":{"line":63,"column":24},"end":{"line":63,"column":null}},"line":63},"7":{"name":"(anonymous_7)","decl":{"start":{"line":70,"column":18},"end":{"line":70,"column":26}},"loc":{"start":{"line":70,"column":26},"end":{"line":70,"column":null}},"line":70},"8":{"name":"(anonymous_8)","decl":{"start":{"line":73,"column":18},"end":{"line":73,"column":26}},"loc":{"start":{"line":73,"column":26},"end":{"line":73,"column":null}},"line":73},"9":{"name":"(anonymous_9)","decl":{"start":{"line":101,"column":30},"end":{"line":101,"column":31}},"loc":{"start":{"line":101,"column":31},"end":{"line":103,"column":null}},"line":101},"10":{"name":"(anonymous_10)","decl":{"start":{"line":120,"column":53},"end":{"line":120,"column":54}},"loc":{"start":{"line":120,"column":66},"end":{"line":120,"column":null}},"line":120},"11":{"name":"(anonymous_11)","decl":{"start":{"line":149,"column":39},"end":{"line":149,"column":40}},"loc":{"start":{"line":149,"column":48},"end":{"line":151,"column":null}},"line":149},"12":{"name":"(anonymous_12)","decl":{"start":{"line":155,"column":29},"end":{"line":155,"column":35}},"loc":{"start":{"line":155,"column":35},"end":{"line":155,"column":null}},"line":155},"13":{"name":"(anonymous_13)","decl":{"start":{"line":166,"column":28},"end":{"line":166,"column":29}},"loc":{"start":{"line":166,"column":35},"end":{"line":166,"column":null}},"line":166},"14":{"name":"(anonymous_14)","decl":{"start":{"line":167,"column":29},"end":{"line":167,"column":30}},"loc":{"start":{"line":167,"column":36},"end":{"line":167,"column":null}},"line":167},"15":{"name":"(anonymous_15)","decl":{"start":{"line":175,"column":27},"end":{"line":175,"column":33}},"loc":{"start":{"line":175,"column":33},"end":{"line":175,"column":null}},"line":175}},"branchMap":{"0":{"loc":{"start":{"line":22,"column":6},"end":{"line":30,"column":null}},"type":"if","locations":[{"start":{"line":22,"column":6},"end":{"line":30,"column":null}},{"start":{"line":24,"column":13},"end":{"line":30,"column":null}}],"line":22},"1":{"loc":{"start":{"line":22,"column":10},"end":{"line":22,"column":77}},"type":"binary-expr","locations":[{"start":{"line":22,"column":10},"end":{"line":22,"column":45}},{"start":{"line":22,"column":45},"end":{"line":22,"column":77}}],"line":22},"2":{"loc":{"start":{"line":24,"column":13},"end":{"line":30,"column":null}},"type":"if","locations":[{"start":{"line":24,"column":13},"end":{"line":30,"column":null}},{"start":{"line":26,"column":13},"end":{"line":30,"column":null}}],"line":24},"3":{"loc":{"start":{"line":24,"column":17},"end":{"line":24,"column":81}},"type":"binary-expr","locations":[{"start":{"line":24,"column":17},"end":{"line":24,"column":51}},{"start":{"line":24,"column":51},"end":{"line":24,"column":81}}],"line":24},"4":{"loc":{"start":{"line":26,"column":13},"end":{"line":30,"column":null}},"type":"if","locations":[{"start":{"line":26,"column":13},"end":{"line":30,"column":null}},{"start":{"line":28,"column":13},"end":{"line":30,"column":null}}],"line":26},"5":{"loc":{"start":{"line":26,"column":17},"end":{"line":26,"column":82}},"type":"binary-expr","locations":[{"start":{"line":26,"column":17},"end":{"line":26,"column":52}},{"start":{"line":26,"column":52},"end":{"line":26,"column":82}}],"line":26},"6":{"loc":{"start":{"line":54,"column":4},"end":{"line":56,"column":null}},"type":"if","locations":[{"start":{"line":54,"column":4},"end":{"line":56,"column":null}},{"start":{},"end":{}}],"line":54},"7":{"loc":{"start":{"line":59,"column":28},"end":{"line":59,"column":48}},"type":"default-arg","locations":[{"start":{"line":59,"column":43},"end":{"line":59,"column":48}}],"line":59},"8":{"loc":{"start":{"line":60,"column":4},"end":{"line":60,"column":null}},"type":"if","locations":[{"start":{"line":60,"column":4},"end":{"line":60,"column":null}},{"start":{},"end":{}}],"line":60},"9":{"loc":{"start":{"line":106,"column":57},"end":{"line":106,"column":104}},"type":"cond-expr","locations":[{"start":{"line":106,"column":79},"end":{"line":106,"column":100}},{"start":{"line":106,"column":100},"end":{"line":106,"column":104}}],"line":106},"10":{"loc":{"start":{"line":109,"column":22},"end":{"line":109,"column":null}},"type":"cond-expr","locations":[{"start":{"line":109,"column":44},"end":{"line":109,"column":83}},{"start":{"line":109,"column":83},"end":{"line":109,"column":null}}],"line":109},"11":{"loc":{"start":{"line":111,"column":23},"end":{"line":111,"column":null}},"type":"cond-expr","locations":[{"start":{"line":111,"column":36},"end":{"line":111,"column":77}},{"start":{"line":111,"column":76},"end":{"line":111,"column":null}}],"line":111},"12":{"loc":{"start":{"line":114,"column":22},"end":{"line":116,"column":null}},"type":"cond-expr","locations":[{"start":{"line":115,"column":26},"end":{"line":115,"column":null}},{"start":{"line":116,"column":26},"end":{"line":116,"column":null}}],"line":114},"13":{"loc":{"start":{"line":120,"column":66},"end":{"line":120,"column":null}},"type":"cond-expr","locations":[{"start":{"line":120,"column":76},"end":{"line":120,"column":null}},{"start":{"line":120,"column":198},"end":{"line":120,"column":null}}],"line":120},"14":{"loc":{"start":{"line":120,"column":107},"end":{"line":120,"column":181}},"type":"cond-expr","locations":[{"start":{"line":120,"column":129},"end":{"line":120,"column":154}},{"start":{"line":120,"column":154},"end":{"line":120,"column":181}}],"line":120},"15":{"loc":{"start":{"line":126,"column":17},"end":{"line":138,"column":null}},"type":"binary-expr","locations":[{"start":{"line":126,"column":17},"end":{"line":126,"column":null}},{"start":{"line":126,"column":17},"end":{"line":138,"column":null}}],"line":126},"16":{"loc":{"start":{"line":167,"column":36},"end":{"line":167,"column":null}},"type":"binary-expr","locations":[{"start":{"line":167,"column":36},"end":{"line":167,"column":57}},{"start":{"line":167,"column":57},"end":{"line":167,"column":null}}],"line":167},"17":{"loc":{"start":{"line":176,"column":28},"end":{"line":176,"column":null}},"type":"binary-expr","locations":[{"start":{"line":176,"column":28},"end":{"line":176,"column":40}},{"start":{"line":176,"column":40},"end":{"line":176,"column":null}}],"line":176}},"s":{"0":1,"1":0,"2":0,"3":0,"4":0,"5":0,"6":0,"7":0,"8":0,"9":0,"10":0,"11":1,"12":1,"13":1,"14":1,"15":1,"16":1,"17":1,"18":1,"19":1,"20":0,"21":0,"22":0,"23":0,"24":0,"25":0,"26":0,"27":0,"28":0,"29":0,"30":0,"31":0,"32":0,"33":0,"34":0,"35":0,"36":1,"37":1,"38":1,"39":3,"40":0,"41":0,"42":0,"43":0},"f":{"0":0,"1":0,"2":0,"3":1,"4":1,"5":0,"6":0,"7":0,"8":0,"9":1,"10":1,"11":3,"12":0,"13":0,"14":0,"15":0},"b":{"0":[0,0],"1":[0,0],"2":[0,0],"3":[0,0],"4":[0,0],"5":[0,0],"6":[1,0],"7":[0],"8":[0,0],"9":[0,1],"10":[0,1],"11":[0,1],"12":[0,1],"13":[0,1],"14":[0,0],"15":[1,0],"16":[0,0],"17":[1,1]},"meta":{"lastBranch":18,"lastFunction":16,"lastStatement":44,"seen":{"s:18:26:33:Infinity":0,"f:18:26:18:33":0,"s:19:2:32:Infinity":1,"f:19:21:19:22":1,"s:20:4:31:Infinity":2,"f:20:15:20:Infinity":2,"s:21:26:21:Infinity":3,"b:22:6:30:Infinity:24:13:30:Infinity":0,"s:22:6:30:Infinity":4,"b:22:10:22:45:22:45:22:77":1,"s:23:8:23:Infinity":5,"b:24:13:30:Infinity:26:13:30:Infinity":2,"s:24:13:30:Infinity":6,"b:24:17:24:51:24:51:24:81":3,"s:25:8:25:Infinity":7,"b:26:13:30:Infinity:28:13:30:Infinity":4,"s:26:13:30:Infinity":8,"b:26:17:26:52:26:52:26:82":5,"s:27:8:27:Infinity":9,"s:29:8:29:Infinity":10,"s:35:26:39:Infinity":11,"f:41:24:41:Infinity":3,"s:42:31:48:Infinity":12,"s:49:25:49:Infinity":13,"s:50:31:50:Infinity":14,"s:51:8:51:Infinity":15,"s:53:2:57:Infinity":16,"f:53:12:53:Infinity":4,"b:54:4:56:Infinity:undefined:undefined:undefined:undefined":6,"s:54:4:56:Infinity":17,"s:55:6:55:Infinity":18,"s:59:21:77:Infinity":19,"f:59:21:59:28":5,"b:59:43:59:48":7,"b:60:4:60:Infinity:undefined:undefined:undefined:undefined":8,"s:60:4:60:Infinity":20,"s:60:22:60:Infinity":21,"s:62:33:62:Infinity":22,"s:63:4:63:Infinity":23,"f:63:16:63:24":6,"s:63:24:63:Infinity":24,"s:64:4:64:Infinity":25,"s:65:4:65:Infinity":26,"s:67:4:76:Infinity":27,"s:68:23:68:Infinity":28,"s:69:33:69:Infinity":29,"s:70:6:70:Infinity":30,"f:70:18:70:26":7,"s:70:26:70:Infinity":31,"s:72:36:72:Infinity":32,"s:73:6:73:Infinity":33,"f:73:18:73:26":8,"s:73:26:73:Infinity":34,"s:75:6:75:Infinity":35,"s:79:2:182:Infinity":36,"f:101:30:101:31":9,"s:101:31:103:Infinity":37,"b:106:79:106:100:106:100:106:104":9,"b:109:44:109:83:109:83:109:Infinity":10,"b:111:36:111:77:111:76:111:Infinity":11,"b:115:26:115:Infinity:116:26:116:Infinity":12,"f:120:53:120:54":10,"s:120:66:120:Infinity":38,"b:120:76:120:Infinity:120:198:120:Infinity":13,"b:120:129:120:154:120:154:120:181":14,"b:126:17:126:Infinity:126:17:138:Infinity":15,"f:149:39:149:40":11,"s:149:48:151:Infinity":39,"f:155:29:155:35":12,"s:155:35:155:Infinity":40,"f:166:28:166:29":13,"s:166:35:166:Infinity":41,"f:167:29:167:30":14,"s:167:36:167:Infinity":42,"b:167:36:167:57:167:57:167:Infinity":16,"f:175:27:175:33":15,"s:175:33:175:Infinity":43,"b:176:28:176:40:176:40:176:Infinity":17},"fnNames":{}}}
,"/app/src/stores/cartStore.ts": {"path":"/app/src/stores/cartStore.ts","statementMap":{"0":{"start":{"line":23,"column":13},"end":{"line":58,"column":null}},"1":{"start":{"line":25,"column":19},"end":{"line":55,"column":null}},"2":{"start":{"line":28,"column":25},"end":{"line":38,"column":null}},"3":{"start":{"line":29,"column":29},"end":{"line":29,"column":null}},"4":{"start":{"line":29,"column":53},"end":{"line":29,"column":69}},"5":{"start":{"line":30,"column":8},"end":{"line":36,"column":null}},"6":{"start":{"line":31,"column":10},"end":{"line":35,"column":null}},"7":{"start":{"line":33,"column":14},"end":{"line":33,"column":null}},"8":{"start":{"line":37,"column":8},"end":{"line":37,"column":null}},"9":{"start":{"line":40,"column":26},"end":{"line":42,"column":null}},"10":{"start":{"line":40,"column":42},"end":{"line":42,"column":null}},"11":{"start":{"line":41,"column":41},"end":{"line":41,"column":null}},"12":{"start":{"line":44,"column":40},"end":{"line":48,"column":null}},"13":{"start":{"line":44,"column":56},"end":{"line":48,"column":null}},"14":{"start":{"line":46,"column":36},"end":{"line":46,"column":null}},"15":{"start":{"line":47,"column":38},"end":{"line":47,"column":null}},"16":{"start":{"line":50,"column":23},"end":{"line":50,"column":null}},"17":{"start":{"line":52,"column":27},"end":{"line":52,"column":null}},"18":{"start":{"line":52,"column":61},"end":{"line":52,"column":80}},"19":{"start":{"line":54,"column":27},"end":{"line":54,"column":null}},"20":{"start":{"line":54,"column":61},"end":{"line":54,"column":93}}},"fnMap":{"0":{"name":"(anonymous_0)","decl":{"start":{"line":25,"column":4},"end":{"line":25,"column":5}},"loc":{"start":{"line":25,"column":19},"end":{"line":55,"column":null}},"line":25},"1":{"name":"(anonymous_1)","decl":{"start":{"line":28,"column":15},"end":{"line":28,"column":16}},"loc":{"start":{"line":28,"column":25},"end":{"line":38,"column":null}},"line":28},"2":{"name":"(anonymous_2)","decl":{"start":{"line":28,"column":29},"end":{"line":28,"column":30}},"loc":{"start":{"line":28,"column":30},"end":{"line":38,"column":null}},"line":28},"3":{"name":"(anonymous_3)","decl":{"start":{"line":29,"column":46},"end":{"line":29,"column":47}},"loc":{"start":{"line":29,"column":53},"end":{"line":29,"column":69}},"line":29},"4":{"name":"(anonymous_4)","decl":{"start":{"line":32,"column":35},"end":{"line":32,"column":36}},"loc":{"start":{"line":33,"column":14},"end":{"line":33,"column":null}},"line":33},"5":{"name":"(anonymous_5)","decl":{"start":{"line":40,"column":18},"end":{"line":40,"column":19}},"loc":{"start":{"line":40,"column":26},"end":{"line":42,"column":null}},"line":40},"6":{"name":"(anonymous_6)","decl":{"start":{"line":40,"column":30},"end":{"line":40,"column":31}},"loc":{"start":{"line":40,"column":42},"end":{"line":42,"column":null}},"line":40},"7":{"name":"(anonymous_7)","decl":{"start":{"line":41,"column":34},"end":{"line":41,"column":35}},"loc":{"start":{"line":41,"column":41},"end":{"line":41,"column":null}},"line":41},"8":{"name":"(anonymous_8)","decl":{"start":{"line":44,"column":22},"end":{"line":44,"column":23}},"loc":{"start":{"line":44,"column":40},"end":{"line":48,"column":null}},"line":44},"9":{"name":"(anonymous_9)","decl":{"start":{"line":44,"column":44},"end":{"line":44,"column":45}},"loc":{"start":{"line":44,"column":56},"end":{"line":48,"column":null}},"line":44},"10":{"name":"(anonymous_10)","decl":{"start":{"line":46,"column":28},"end":{"line":46,"column":29}},"loc":{"start":{"line":46,"column":36},"end":{"line":46,"column":null}},"line":46},"11":{"name":"(anonymous_11)","decl":{"start":{"line":47,"column":31},"end":{"line":47,"column":32}},"loc":{"start":{"line":47,"column":38},"end":{"line":47,"column":null}},"line":47},"12":{"name":"(anonymous_12)","decl":{"start":{"line":50,"column":17},"end":{"line":50,"column":23}},"loc":{"start":{"line":50,"column":23},"end":{"line":50,"column":null}},"line":50},"13":{"name":"(anonymous_13)","decl":{"start":{"line":52,"column":21},"end":{"line":52,"column":27}},"loc":{"start":{"line":52,"column":27},"end":{"line":52,"column":null}},"line":52},"14":{"name":"(anonymous_14)","decl":{"start":{"line":52,"column":46},"end":{"line":52,"column":47}},"loc":{"start":{"line":52,"column":61},"end":{"line":52,"column":80}},"line":52},"15":{"name":"(anonymous_15)","decl":{"start":{"line":54,"column":21},"end":{"line":54,"column":27}},"loc":{"start":{"line":54,"column":27},"end":{"line":54,"column":null}},"line":54},"16":{"name":"(anonymous_16)","decl":{"start":{"line":54,"column":46},"end":{"line":54,"column":47}},"loc":{"start":{"line":54,"column":61},"end":{"line":54,"column":93}},"line":54}},"branchMap":{"0":{"loc":{"start":{"line":30,"column":8},"end":{"line":36,"column":null}},"type":"if","locations":[{"start":{"line":30,"column":8},"end":{"line":36,"column":null}},{"start":{},"end":{}}],"line":30},"1":{"loc":{"start":{"line":33,"column":14},"end":{"line":33,"column":null}},"type":"cond-expr","locations":[{"start":{"line":33,"column":33},"end":{"line":33,"column":70}},{"start":{"line":33,"column":70},"end":{"line":33,"column":null}}],"line":33},"2":{"loc":{"start":{"line":45,"column":15},"end":{"line":47,"column":null}},"type":"cond-expr","locations":[{"start":{"line":46,"column":12},"end":{"line":46,"column":null}},{"start":{"line":47,"column":12},"end":{"line":47,"column":null}}],"line":45},"3":{"loc":{"start":{"line":46,"column":36},"end":{"line":46,"column":null}},"type":"cond-expr","locations":[{"start":{"line":46,"column":50},"end":{"line":46,"column":71}},{"start":{"line":46,"column":71},"end":{"line":46,"column":null}}],"line":46}},"s":{"0":1,"1":1,"2":0,"3":0,"4":0,"5":0,"6":0,"7":0,"8":0,"9":0,"10":0,"11":0,"12":0,"13":0,"14":0,"15":0,"16":0,"17":1,"18":0,"19":0,"20":0},"f":{"0":1,"1":0,"2":0,"3":0,"4":0,"5":0,"6":0,"7":0,"8":0,"9":0,"10":0,"11":0,"12":0,"13":1,"14":0,"15":0,"16":0},"b":{"0":[0,0],"1":[0,0],"2":[0,0],"3":[0,0]},"meta":{"lastBranch":4,"lastFunction":17,"lastStatement":21,"seen":{"s:23:13:58:Infinity":0,"f:25:4:25:5":0,"s:25:19:55:Infinity":1,"f:28:15:28:16":1,"s:28:25:38:Infinity":2,"f:28:29:28:30":2,"s:29:29:29:Infinity":3,"f:29:46:29:47":3,"s:29:53:29:69":4,"b:30:8:36:Infinity:undefined:undefined:undefined:undefined":0,"s:30:8:36:Infinity":5,"s:31:10:35:Infinity":6,"f:32:35:32:36":4,"s:33:14:33:Infinity":7,"b:33:33:33:70:33:70:33:Infinity":1,"s:37:8:37:Infinity":8,"f:40:18:40:19":5,"s:40:26:42:Infinity":9,"f:40:30:40:31":6,"s:40:42:42:Infinity":10,"f:41:34:41:35":7,"s:41:41:41:Infinity":11,"f:44:22:44:23":8,"s:44:40:48:Infinity":12,"f:44:44:44:45":9,"s:44:56:48:Infinity":13,"b:46:12:46:Infinity:47:12:47:Infinity":2,"f:46:28:46:29":10,"s:46:36:46:Infinity":14,"b:46:50:46:71:46:71:46:Infinity":3,"f:47:31:47:32":11,"s:47:38:47:Infinity":15,"f:50:17:50:23":12,"s:50:23:50:Infinity":16,"f:52:21:52:27":13,"s:52:27:52:Infinity":17,"f:52:46:52:47":14,"s:52:61:52:80":18,"f:54:21:54:27":15,"s:54:27:54:Infinity":19,"f:54:46:54:47":16,"s:54:61:54:93":20},"fnNames":{}}}
}
